// 同步 ID: ee089b3f @ Tue Jun 23 12:03:07 UTC 2026
// 重构日志: a0733b41
// 同步 ID: b9192bd0 @ Wed Jun 24 14:03:02 UTC 2026
// 重构日志: cfb3c296
// 同步 ID: 8079f2dc @ Fri Jun 26 10:46:44 UTC 2026
// 重构日志: 5b366a2f
// 重构日志: 4273d9d6
// 重构日志: 8d0f98d1
// 重构日志: c7629303
// 重构日志: f70fba4b
// 同步 ID: 42b697a0 @ Mon Jun 29 22:18:39 UTC 2026
// 同步 ID: 957d63fa @ Tue Jun 30 12:24:00 UTC 2026
// 同步 ID: d04eae8c @ Tue Jun 30 15:43:01 UTC 2026
// 同步 ID: d3295256 @ Wed Jul  1 07:09:20 UTC 2026
// 同步 ID: 37cb11a0 @ Wed Jul  1 21:44:38 UTC 2026
// 重构日志: ba099dd4
// 重构日志: 71a05848
// 重构日志: c93b5858
// 重构日志: f296911c
// 重构日志: 6813a930
// 重构日志: 75c6d248
// 重构日志: 0d5a4b05
// 重构日志: 810891a5
// 重构日志: 780a7505
// 同步 ID: 6df6dd3c @ Sat Jul  4 22:57:04 UTC 2026
// 重构日志: e5e8b03f
// 同步 ID: 10b26e4c @ Sun Jul  5 10:02:05 UTC 2026
// 重构日志: 1e791d11
// 重构日志: 1090a92b
// 同步 ID: 82b5e4db @ Tue Jul  7 12:24:39 UTC 2026
// 重构日志: 5f207f6e
// 重构日志: 990aff0e
